Using pre-set license
Built from '2020.3/release' branch; Version is '2020.3.1f1 (77a89f25062f) revision 7841951'; Using compiler version '192528614'; Build Type 'Release'
OS: 'Windows 10 Pro; OS build 19041.928; Version 2004; 64bit' Language: 'ru' Physical Memory: 16301 MB
BatchMode: 1, IsHumanControllingUs: 0, StartBugReporterOnCrash: 0, Is64bit: 1, IsPro: 0

 COMMAND LINE ARGUMENTS:
C:\Program Files\Unity\Hub\Editor\2020.3.1f1\Editor\Unity.exe
-adb2
-batchMode
-noUpm
-name
AssetImportWorker1
-projectPath
D:/UnityProject/Bomb-System/Bomb
-logFile
Logs/AssetImportWorker1.log
-srvPort
53670
Successfully changed project path to: D:/UnityProject/Bomb-System/Bomb
D:/UnityProject/Bomb-System/Bomb
Using Asset Import Pipeline V2.
Refreshing native plugins compatible for Editor in 52.74 ms, found 0 plugins.
Preloading 0 native plugins for Editor in 0.00 ms.
Initialize engine version: 2020.3.1f1 (77a89f25062f)
[Subsystems] Discovering subsystems at path C:/Program Files/Unity/Hub/Editor/2020.3.1f1/Editor/Data/Resources/UnitySubsystems
[Subsystems] Discovering subsystems at path D:/UnityProject/Bomb-System/Bomb/Assets
GfxDevice: creating device client; threaded=0
Direct3D:
    Version:  Direct3D 11.0 [level 11.1]
    Renderer: NVIDIA GeForce GTX 1050 (ID=0x1c8d)
    Vendor:   
    VRAM:     4021 MB
    Driver:   27.21.14.6140
Initialize mono
Mono path[0] = 'C:/Program Files/Unity/Hub/Editor/2020.3.1f1/Editor/Data/Managed'
Mono path[1] = 'C:/Program Files/Unity/Hub/Editor/2020.3.1f1/Editor/Data/MonoBleedingEdge/lib/mono/unityjit'
Mono config path = 'C:/Program Files/Unity/Hub/Editor/2020.3.1f1/Editor/Data/MonoBleedingEdge/etc'
Using monoOptions --debugger-agent=transport=dt_socket,embedding=1,server=y,suspend=n,address=127.0.0.1:56860
Begin MonoManager ReloadAssembly
Registering precompiled unity dll's ...
Register platform support module: C:/Program Files/Unity/Hub/Editor/2020.3.1f1/Editor/Data/PlaybackEngines/WindowsStandaloneSupport/UnityEditor.WindowsStandalone.Extensions.dll
Registered in 0.002449 seconds.
Native extension for WindowsStandalone target not found
Refreshing native plugins compatible for Editor in 54.66 ms, found 0 plugins.
Preloading 0 native plugins for Editor in 0.00 ms.
Invoked RoslynAnalysisRunner static constructor.
RoslynAnalysisRunner will not be running.
RoslynAnalysisRunner has terminated.
Mono: successfully reloaded assembly
- Completed reload, in  2.901 seconds
Platform modules already initialized, skipping
Registering precompiled user dll's ...
Registered in 0.002191 seconds.
Begin MonoManager ReloadAssembly
Native extension for WindowsStandalone target not found
Refreshing native plugins compatible for Editor in 0.35 ms, found 0 plugins.
Preloading 0 native plugins for Editor in 0.00 ms.
Invoked RoslynAnalysisRunner static constructor.
RoslynAnalysisRunner will not be running.
RoslynAnalysisRunner has terminated.
Mono: successfully reloaded assembly
- Completed reload, in  1.102 seconds
Platform modules already initialized, skipping
========================================================================
Worker process is ready to serve import requests
Launched and connected shader compiler UnityShaderCompiler.exe after 0.07 seconds
Refreshing native plugins compatible for Editor in 0.37 ms, found 0 plugins.
Preloading 0 native plugins for Editor in 0.00 ms.
Unloading 1935 Unused Serialized files (Serialized files now loaded: 0)
System memory in use before: 79.2 MB.
System memory in use after: 79.2 MB.

Unloading 15 unused Assets to reduce memory usage. Loaded Objects now: 2372.
Total: 2.779000 ms (FindLiveObjects: 0.390700 ms CreateObjectMapping: 0.173900 ms MarkObjects: 2.055800 ms  DeleteObjects: 0.157000 ms)

========================================================================
Received Import Request.
  path: Assets/ScriptbleObjects/Resources/CharacterModel.asset
  artifactKey: Guid(da5a2cb6cd329ef43aa1f993b51549f3) Importer(815301076,1909f56bfc062723c751e8b465ee728b)
Start importing Assets/ScriptbleObjects/Resources/CharacterModel.asset using Guid(da5a2cb6cd329ef43aa1f993b51549f3) Importer(815301076,1909f56bfc062723c751e8b465ee728b)  -> (artifact id: '7265dab0a549e3f97e6c9461ade14c1c') in 0.071231 seconds
  Import took 0.075892 seconds .

========================================================================
Received Import Request.
  Time since last request: 0.000309 seconds.
  path: Assets/ScriptbleObjects/Resources/BombModel.asset
  artifactKey: Guid(38d76cc1625a61e4bbccfb290be981bd) Importer(815301076,1909f56bfc062723c751e8b465ee728b)
Start importing Assets/ScriptbleObjects/Resources/BombModel.asset using Guid(38d76cc1625a61e4bbccfb290be981bd) Importer(815301076,1909f56bfc062723c751e8b465ee728b)  -> (artifact id: '410818c03e71946eb6a261e419f9fd55') in 0.014056 seconds
  Import took 0.018488 seconds .

========================================================================
Received Prepare
Refreshing native plugins compatible for Editor in 1.58 ms, found 0 plugins.
Preloading 0 native plugins for Editor in 0.00 ms.
Unloading 8 Unused Serialized files (Serialized files now loaded: 0)
System memory in use before: 41.1 MB.
System memory in use after: 41.2 MB.

Unloading 8 unused Assets to reduce memory usage. Loaded Objects now: 2372.
Total: 2.934400 ms (FindLiveObjects: 0.380700 ms CreateObjectMapping: 0.084200 ms MarkObjects: 2.402600 ms  DeleteObjects: 0.065500 ms)

AssetImportWorkerClient::OnTransportError - code=2 error=End of file
